<?xml version="1.0" encoding="UTF-8"?>
<!-- Generated by org.testng.reporters.JUnitReportReporter -->
<testsuite skipped="0" hostname="MININT-UM25UFB" name="com.dollardays.testcases.AddToCartPPETestcase" tests="14" failures="0" timestamp="2020-10-04T01:46:41 EDT" time="392.589" errors="1">
  <testcase name="TC_03_validate_cart_add_one_item_through_add_to_cart_button_on_product_from_PPE_and_Mask_category" time="25.328" classname="com.dollardays.testcases.AddToCartPPETestcase"/>
  <system-out/>
  <testcase name="TC_14_validate_no_of_cases_textbox_with_character" time="31.633" classname="com.dollardays.testcases.AddToCartPPETestcase"/>
  <system-out/>
  <testcase name="TC_08_Validate_the_case_quantity_text_box_with_invalid_data_in_the_shopping_cart_page" time="28.865" classname="com.dollardays.testcases.AddToCartPPETestcase"/>
  <system-out/>
  <testcase name="TC_05_validate_clear_items_from_the_cart_from_shopping_cart_page" time="20.060" classname="com.dollardays.testcases.AddToCartPPETestcase"/>
  <system-out/>
  <testcase name="TC_06_Validate_the_case_quantity_text_box_with_valid_data_in_the_shopping_cart_page" time="25.256" classname="com.dollardays.testcases.AddToCartPPETestcase"/>
  <system-out/>
  <testcase name="TC_04_validate_cart_by_adding_multiple_items_from_PPE_and_Mask_page_and_verify_shopping_cart" time="37.907" classname="com.dollardays.testcases.AddToCartPPETestcase"/>
  <system-out/>
  <testcase name="TC_10_Validate_the_cart_when_the_user_signoff_and_signin_with_valid_credentials" time="25.182" classname="com.dollardays.testcases.AddToCartPPETestcase"/>
  <system-out/>
  <testcase name="TC_11_validate_no_of_cases_textbox_with_valid_data" time="27.061" classname="com.dollardays.testcases.AddToCartPPETestcase"/>
  <system-out/>
  <testcase name="TC_01_validate_updatecart_in_shopping_cart_page" time="39.245" classname="com.dollardays.testcases.AddToCartPPETestcase">
    <error type="org.openqa.selenium.WebDriverException" message="element click intercepted: Element &lt;input type=&quot;button&quot; name=&quot;ctl00$cphContent$btnUpdateCart&quot; value=&quot;Update Cart&quot; onclick=&quot;javascript:__doPostBack(&#039;ctl00$cphContent$btnUpdateCart&#039;,&#039;&#039;)&quot; id=&quot;ctl00_cphContent_btnUpdateCart&quot; class=&quot;btnClearCart_clear&quot;&gt; is not clickable at point (698, 483). Other element would receive the click: &lt;input type=&quot;button&quot; class=&quot;iagree btn&quot; style=&quot;cursor: pointer; background: #ff6000; color: white;&quot; value=&quot;Okay&quot;&gt;
  (Session info: headless chrome=85.0.4183.121)
  (Driver info: chromedriver=85.0.4183.87 (cd6713ebf92fa1cacc0f1a598df280093af0c5d7-refs/branch-heads/4183@{#1689}),platform=Windows NT 10.0.18362 x86_64) (WARNING: The server did not provide any stacktrace information)
Command duration or timeout: 1.10 seconds
Build info: version: &#039;2.53.1&#039;, revision: &#039;a36b8b1cd5757287168e54b817830adce9b0158d&#039;, time: &#039;2016-06-30 19:26:09&#039;
System info: host: &#039;MININT-UM25UFB&#039;, ip: &#039;10.0.75.1&#039;, os.name: &#039;Windows 10&#039;, os.arch: &#039;amd64&#039;, os.version: &#039;10.0&#039;, java.version: &#039;1.8.0_261&#039;
Driver info: org.openqa.selenium.chrome.ChromeDriver
Capabilities [{mobileEmulationEnabled=false, timeouts={implicit=0, pageLoad=300000, script=30000}, hasTouchScreen=false, platform=XP, acceptSslCerts=false, goog:chromeOptions={debuggerAddress=localhost:52821}, acceptInsecureCerts=false, webStorageEnabled=true, browserName=chrome, takesScreenshot=true, javascriptEnabled=true, setWindowRect=true, unexpectedAlertBehaviour=ignore, applicationCacheEnabled=false, rotatable=false, networkConnectionEnabled=false, chrome={chromedriverVersion=85.0.4183.87 (cd6713ebf92fa1cacc0f1a598df280093af0c5d7-refs/branch-heads/4183@{#1689}), userDataDir=C:\Users\Rajesh\AppData\Local\Temp\scoped_dir10780_172235019}, takesHeapSnapshot=true, pageLoadStrategy=normal, strictFileInteractability=false, databaseEnabled=false, handlesAlerts=true, version=85.0.4183.121, browserConnectionEnabled=false, proxy={}, nativeEvents=true, locationContextEnabled=true, cssSelectorsEnabled=true, webauthn:virtualAuthenticators=true}]
Session ID: 67636d770840dde1d682d95013a7135a">
      <![CDATA[org.openqa.selenium.WebDriverException: element click intercepted: Element <input type="button" name="ctl00$cphContent$btnUpdateCart" value="Update Cart" onclick="javascript:__doPostBack('ctl00$cphContent$btnUpdateCart','')" id="ctl00_cphContent_btnUpdateCart" class="btnClearCart_clear"> is not clickable at point (698, 483). Other element would receive the click: <input type="button" class="iagree btn" style="cursor: pointer; background: #ff6000; color: white;" value="Okay">
  (Session info: headless chrome=85.0.4183.121)
  (Driver info: chromedriver=85.0.4183.87 (cd6713ebf92fa1cacc0f1a598df280093af0c5d7-refs/branch-heads/4183@{#1689}),platform=Windows NT 10.0.18362 x86_64) (WARNING: The server did not provide any stacktrace information)
Command duration or timeout: 1.10 seconds
Build info: version: '2.53.1', revision: 'a36b8b1cd5757287168e54b817830adce9b0158d', time: '2016-06-30 19:26:09'
System info: host: 'MININT-UM25UFB', ip: '10.0.75.1', os.name: 'Windows 10', os.arch: 'amd64', os.version: '10.0', java.version: '1.8.0_261'
Driver info: org.openqa.selenium.chrome.ChromeDriver
Capabilities [{mobileEmulationEnabled=false, timeouts={implicit=0, pageLoad=300000, script=30000}, hasTouchScreen=false, platform=XP, acceptSslCerts=false, goog:chromeOptions={debuggerAddress=localhost:52821}, acceptInsecureCerts=false, webStorageEnabled=true, browserName=chrome, takesScreenshot=true, javascriptEnabled=true, setWindowRect=true, unexpectedAlertBehaviour=ignore, applicationCacheEnabled=false, rotatable=false, networkConnectionEnabled=false, chrome={chromedriverVersion=85.0.4183.87 (cd6713ebf92fa1cacc0f1a598df280093af0c5d7-refs/branch-heads/4183@{#1689}), userDataDir=C:\Users\Rajesh\AppData\Local\Temp\scoped_dir10780_172235019}, takesHeapSnapshot=true, pageLoadStrategy=normal, strictFileInteractability=false, databaseEnabled=false, handlesAlerts=true, version=85.0.4183.121, browserConnectionEnabled=false, proxy={}, nativeEvents=true, locationContextEnabled=true, cssSelectorsEnabled=true, webauthn:virtualAuthenticators=true}]
Session ID: 67636d770840dde1d682d95013a7135a
at sun.reflect.NativeConstructorAccessorImpl.newInstance0(Native Method)
at sun.reflect.NativeConstructorAccessorImpl.newInstance(NativeConstructorAccessorImpl.java:62)
at sun.reflect.DelegatingConstructorAccessorImpl.newInstance(DelegatingConstructorAccessorImpl.java:45)
at java.lang.reflect.Constructor.newInstance(Constructor.java:423)
at org.openqa.selenium.remote.ErrorHandler.createThrowable(ErrorHandler.java:206)
at org.openqa.selenium.remote.ErrorHandler.throwIfResponseFailed(ErrorHandler.java:158)
at org.openqa.selenium.remote.RemoteWebDriver.execute(RemoteWebDriver.java:678)
at org.openqa.selenium.remote.RemoteWebElement.execute(RemoteWebElement.java:327)
at org.openqa.selenium.remote.RemoteWebElement.click(RemoteWebElement.java:85)
at sun.reflect.NativeMethodAccessorImpl.invoke0(Native Method)
at sun.reflect.NativeMethodAccessorImpl.invoke(NativeMethodAccessorImpl.java:62)
at sun.reflect.DelegatingMethodAccessorImpl.invoke(DelegatingMethodAccessorImpl.java:43)
at java.lang.reflect.Method.invoke(Method.java:498)
at org.openqa.selenium.support.pagefactory.internal.LocatingElementHandler.invoke(LocatingElementHandler.java:51)
at com.sun.proxy.$Proxy11.click(Unknown Source)
at com.dollardays.testcases.AddToCartPPETestcase.TC_01_validate_updatecart_in_shopping_cart_page(AddToCartPPETestcase.java:264)
at sun.reflect.NativeMethodAccessorImpl.invoke0(Native Method)
at sun.reflect.NativeMethodAccessorImpl.invoke(NativeMethodAccessorImpl.java:62)
at sun.reflect.DelegatingMethodAccessorImpl.invoke(DelegatingMethodAccessorImpl.java:43)
at java.lang.reflect.Method.invoke(Method.java:498)
at org.testng.internal.MethodInvocationHelper.invokeMethod(MethodInvocationHelper.java:132)
at org.testng.internal.TestInvoker.invokeMethod(TestInvoker.java:599)
at org.testng.internal.TestInvoker.invokeTestMethod(TestInvoker.java:174)
at org.testng.internal.MethodRunner.runInSequence(MethodRunner.java:46)
at org.testng.internal.TestInvoker$MethodInvocationAgent.invoke(TestInvoker.java:822)
at org.testng.internal.TestInvoker.invokeTestMethods(TestInvoker.java:147)
at org.testng.internal.TestMethodWorker.invokeTestMethods(TestMethodWorker.java:146)
at org.testng.internal.TestMethodWorker.run(TestMethodWorker.java:128)
at java.util.concurrent.ThreadPoolExecutor.runWorker(ThreadPoolExecutor.java:1149)
at java.util.concurrent.ThreadPoolExecutor$Worker.run(ThreadPoolExecutor.java:624)
at java.lang.Thread.run(Thread.java:748)
]]>
    </error>
  </testcase> <!-- TC_01_validate_updatecart_in_shopping_cart_page -->
  <system-out/>
  <testcase name="TC_07_Validate_the_case_quantity_text_box_with_zero_value_and_verify_the_shopping_cart_page" time="27.014" classname="com.dollardays.testcases.AddToCartPPETestcase"/>
  <system-out/>
  <testcase name="TC_02_validate_cart_by_adding_one_item_from_product_page" time="26.375" classname="com.dollardays.testcases.AddToCartPPETestcase"/>
  <system-out/>
  <testcase name="TC_09_Validate_the_case_quantity_text_box_with_boundary_value_in_the_shopping_cart_page" time="25.009" classname="com.dollardays.testcases.AddToCartPPETestcase"/>
  <system-out/>
  <testcase name="TC_12_Validate_the_number_of_case_text_box_in_the_product_page" time="19.365" classname="com.dollardays.testcases.AddToCartPPETestcase"/>
  <system-out/>
  <testcase name="TC_13_validate_no_of_cases_textbox_with_zero" time="34.289" classname="com.dollardays.testcases.AddToCartPPETestcase"/>
  <system-out/>
</testsuite> <!-- com.dollardays.testcases.AddToCartPPETestcase -->
